<?xml version="1.0" encoding="UTF-8"?>
<!-- Generated by org.testng.reporters.JUnitReportReporter -->
<testsuite skipped="0" hostname="karthik" name="com.clari5.app.SwiftRuleCreation3" tests="2" failures="0" timestamp="03 Apr 2018 02:47:54 GMT" time="19.709" errors="0">
  <testcase name="swiftrule" time="9.977" classname="com.clari5.app.SwiftRuleCreation3"/>
  <testcase name="swiftrule" time="9.732" classname="com.clari5.app.SwiftRuleCreation3"/>
</testsuite> <!-- com.clari5.app.SwiftRuleCreation3 -->
