<?xml version="1.0" encoding="UTF-8"?>
<!-- Generated by org.testng.reporters.JUnitReportReporter -->
<testsuite hostname="karthik" name="com.clari5.app.EfmWlRule" tests="1" failures="0" timestamp="28 Jun 2018 05:36:17 GMT" time="14.849" errors="0">
  <testcase name="f" time="14.849" classname="com.clari5.app.EfmWlRule"/>
</testsuite> <!-- com.clari5.app.EfmWlRule -->
