<?xml version="1.0" encoding="UTF-8"?>
<!-- Generated by org.testng.reporters.JUnitReportReporter -->
<testsuite hostname="karthik" name="com.clari5.app.EfmOnlineCust" tests="1" failures="0" timestamp="28 Jun 2018 04:53:55 GMT" time="9.960" errors="0">
  <testcase name="f" time="9.960" classname="com.clari5.app.EfmOnlineCust"/>
</testsuite> <!-- com.clari5.app.EfmOnlineCust -->
