<?xml version="1.0" encoding="UTF-8"?>
<!-- Generated by org.testng.reporters.JUnitReportReporter -->
<testsuite hostname="karthik" name="com.clari5.app.NewTest" tests="1" failures="0" timestamp="27 Jun 2018 05:33:36 GMT" time="30.022" errors="0">
  <testcase name="f" time="30.022" classname="com.clari5.app.NewTest"/>
</testsuite> <!-- com.clari5.app.NewTest -->
