<?xml version="1.0" encoding="UTF-8"?>
<!-- Generated by org.testng.reporters.JUnitReportReporter -->
<testsuite skipped="0" hostname="karthik" name="com.clari5.app.CustomerOnBoarding" tests="1" failures="0" timestamp="15 Mar 2018 07:34:10 GMT" time="14.112" errors="0">
  <testcase name="customerOnboarding" time="14.112" classname="com.clari5.app.CustomerOnBoarding"/>
</testsuite> <!-- com.clari5.app.CustomerOnBoarding -->
