<?xml version="1.0" encoding="UTF-8"?>
<!-- Generated by org.testng.reporters.JUnitReportReporter -->
<testsuite skipped="0" hostname="karthik" name="com.clari5.app.PaymentScreening" tests="1" failures="0" timestamp="15 Mar 2018 07:34:10 GMT" time="16.008" errors="0">
  <testcase name="paymentScreening" time="16.008" classname="com.clari5.app.PaymentScreening"/>
</testsuite> <!-- com.clari5.app.PaymentScreening -->
