<?xml version="1.0" encoding="UTF-8"?>
<!-- Generated by org.testng.reporters.JUnitReportReporter -->
<testsuite skipped="0" hostname="karthik" name="com.clari5.app.WatchListRuleCreation3" tests="7" failures="0" timestamp="29 Mar 2018 07:14:04 GMT" time="45.496" errors="0">
  <testcase name="wlRuleCreation" time="6.327" classname="com.clari5.app.WatchListRuleCreation3"/>
  <testcase name="wlRuleCreation" time="6.842" classname="com.clari5.app.WatchListRuleCreation3"/>
  <testcase name="wlRuleCreation" time="6.563" classname="com.clari5.app.WatchListRuleCreation3"/>
  <testcase name="wlRuleCreation" time="6.476" classname="com.clari5.app.WatchListRuleCreation3"/>
  <testcase name="wlRuleCreation" time="6.461" classname="com.clari5.app.WatchListRuleCreation3"/>
  <testcase name="wlRuleCreation" time="6.306" classname="com.clari5.app.WatchListRuleCreation3"/>
  <testcase name="wlRuleCreation" time="6.521" classname="com.clari5.app.WatchListRuleCreation3"/>
</testsuite> <!-- com.clari5.app.WatchListRuleCreation3 -->
