<?xml version="1.0" encoding="UTF-8"?>
<!-- Generated by org.testng.reporters.JUnitReportReporter -->
<testsuite skipped="1" hostname="karthik" name="com.clari5.app.CustomerOnBoarding3" tests="2" failures="0" timestamp="03 Apr 2018 07:47:13 GMT" time="8.187" errors="0">
  <testcase name="customerOnboarding" time="0.012" classname="com.clari5.app.CustomerOnBoarding3">
    <skipped/>
  </testcase> <!-- customerOnboarding -->
  <testcase name="customerOnboarding" time="8.175" classname="com.clari5.app.CustomerOnBoarding3"/>
</testsuite> <!-- com.clari5.app.CustomerOnBoarding3 -->
